[INFO  - 2018-08-01T08:05:07.625Z] GhostDriver - Main - running on port 50010
[INFO  - 2018-08-01T08:05:09.763Z] Session [9c11d1e0-9561-11e8-a56d-a38e6b99c3b0] - page.settings - {"XSSAuditingEnabled":false,"javascriptCanCloseWindows":true,"javascriptCanOpenWindows":true,"javascriptEnabled":true,"loadImages":true,"localToRemoteUrlAccessEnabled":false,"userAgent":"Mozilla/5.0 (Windows NT 6.1; WOW64) AppleWebKit/538.1 (KHTML, like Gecko) PhantomJS/2.1.1 Safari/538.1","webSecurityEnabled":true}
[INFO  - 2018-08-01T08:05:09.763Z] Session [9c11d1e0-9561-11e8-a56d-a38e6b99c3b0] - page.customHeaders:  - {}
[INFO  - 2018-08-01T08:05:09.763Z] Session [9c11d1e0-9561-11e8-a56d-a38e6b99c3b0] - Session.negotiatedCapabilities - {"browserName":"phantomjs","version":"2.1.1","driverName":"ghostdriver","driverVersion":"1.2.0","platform":"windows-7-32bit","javascriptEnabled":true,"takesScreenshot":true,"handlesAlerts":false,"databaseEnabled":false,"locationContextEnabled":false,"applicationCacheEnabled":false,"browserConnectionEnabled":false,"cssSelectorsEnabled":true,"webStorageEnabled":false,"rotatable":false,"acceptSslCerts":false,"nativeEvents":true,"proxy":{"proxyType":"direct"}}
[INFO  - 2018-08-01T08:05:09.763Z] SessionManagerReqHand - _postNewSessionCommand - New Session Created: 9c11d1e0-9561-11e8-a56d-a38e6b99c3b0
[ERROR - 2018-08-01T08:05:20.051Z] Session [9c11d1e0-9561-11e8-a56d-a38e6b99c3b0] - page.onError - msg: TypeError: undefined is not a constructor (evaluating '$("[data-toggle=tooltip]").tooltip()')

  phantomjs://platform/console++.js:263 in error
[ERROR - 2018-08-01T08:05:20.051Z] Session [9c11d1e0-9561-11e8-a56d-a38e6b99c3b0] - page.onError - stack:
  (anonymous function) (http://ip.zdaye.com/js/ice.js:4)
  dispatch (http://ip.zdaye.com/js/ice.js:2)
  handle (http://ip.zdaye.com/js/ice.js:2)
  trigger (http://ip.zdaye.com/js/ice.js:2)
  (anonymous function) (http://ip.zdaye.com/js/ice.js:2)
  each (http://ip.zdaye.com/js/ice.js:1)
  each (http://ip.zdaye.com/js/ice.js:1)
  trigger (http://ip.zdaye.com/js/ice.js:2)
  ready (http://ip.zdaye.com/js/ice.js:2)
  s (http://ip.zdaye.com/js/ice.js:1)

  phantomjs://platform/console++.js:263 in error
[ERROR - 2018-08-01T08:05:20.057Z] Session [9c11d1e0-9561-11e8-a56d-a38e6b99c3b0] - page.onError - msg: TypeError: undefined is not a constructor (evaluating '$("a[data-tooggle='tooltip']").tooltip()')

  phantomjs://platform/console++.js:263 in error
[ERROR - 2018-08-01T08:05:20.057Z] Session [9c11d1e0-9561-11e8-a56d-a38e6b99c3b0] - page.onError - stack:
  (anonymous function) (http://ip.zdaye.com/FreeIPlist.html:1358)
  c (http://ip.zdaye.com/js/jquery.min.js:6)
  fireWith (http://ip.zdaye.com/js/jquery.min.js:6)
  ready (http://ip.zdaye.com/js/jquery.min.js:6)
  q (http://ip.zdaye.com/js/jquery.min.js:6)

  phantomjs://platform/console++.js:263 in error
[INFO  - 2018-08-01T08:10:07.626Z] SessionManagerReqHand - _cleanupWindowlessSessions - Asynchronous Sessions clean-up phase starting NOW
